<?xml version="1.0" encoding="UTF-8"?>
<testng-results ignored="0" total="5" passed="5" failed="0" skipped="0">
  <reporter-output>
  </reporter-output>
  <suite started-at="2024-06-05T12:37:28 IST" name="Default suite" finished-at="2024-06-05T12:37:29 IST" duration-ms="158">
    <groups>
    </groups>
    <test started-at="2024-06-05T12:37:28 IST" name="Default test" finished-at="2024-06-05T12:37:29 IST" duration-ms="158">
      <class name="Demo.NewTest">
        <test-method signature="a()[pri:0, instance:Demo.NewTest@5119fb47]" started-at="2024-06-05T12:37:29 IST" name="a" finished-at="2024-06-05T12:37:29 IST" duration-ms="20" status="PASS">
          <reporter-output>
          </reporter-output>
        </test-method> <!-- a -->
        <test-method signature="b()[pri:0, instance:Demo.NewTest@5119fb47]" started-at="2024-06-05T12:37:29 IST" name="b" finished-at="2024-06-05T12:37:29 IST" duration-ms="2" status="PASS">
          <reporter-output>
          </reporter-output>
        </test-method> <!-- b -->
        <test-method signature="c()[pri:0, instance:Demo.NewTest@5119fb47]" started-at="2024-06-05T12:37:29 IST" name="c" finished-at="2024-06-05T12:37:29 IST" duration-ms="3" status="PASS">
          <reporter-output>
          </reporter-output>
        </test-method> <!-- c -->
        <test-method signature="d()[pri:0, instance:Demo.NewTest@5119fb47]" started-at="2024-06-05T12:37:29 IST" name="d" finished-at="2024-06-05T12:37:29 IST" duration-ms="4" status="PASS">
          <reporter-output>
          </reporter-output>
        </test-method> <!-- d -->
        <test-method signature="e()[pri:0, instance:Demo.NewTest@5119fb47]" started-at="2024-06-05T12:37:29 IST" name="e" finished-at="2024-06-05T12:37:29 IST" duration-ms="2" status="PASS">
          <reporter-output>
          </reporter-output>
        </test-method> <!-- e -->
      </class> <!-- Demo.NewTest -->
    </test> <!-- Default test -->
  </suite> <!-- Default suite -->
</testng-results>
